<?xml version='1.0' encoding='UTF-8'?>
<dataset>
  <public.luxdetails name="bla" rank="1" teamid="2"/>
  <public.luxdetails name="jenkinsexcel" rank="1" teamid="2"/>
</dataset>
